<?xml version="1.0" encoding="UTF-8"?>
<testsuite xmlns:xsi="http://www.w3.org/2001/XMLSchema-instance" xsi:noNamespaceSchemaLocation="https://maven.apache.org/surefire/maven-surefire-plugin/xsd/surefire-test-report.xsd" name="atm.AtmTest" time="0.036" tests="3" errors="0" skipped="0" failures="0">
  <properties>
[...]
</properties>
  <testcase name="testWithdraw" classname="atm.AtmTest" time="0.019"/>
  <testcase name="testWithdrawCycle" classname="atm.AtmTest" time="0.001"/>
  <testcase name="testDeposit" classname="atm.AtmTest" time="0.001"/>
</testsuite>